<?xml version="1.0" encoding="UTF-8"?>
<testsuite xmlns:xsi="http://www.w3.org/2001/XMLSchema-instance" xsi:noNamespaceSchemaLocation="https://maven.apache.org/surefire/maven-surefire-plugin/xsd/surefire-test-report.xsd" version="3.0.2" name="com.concept.security.SpringBootCustomSecurityApplicationTests" time="4.479" tests="1" errors="0" skipped="0" failures="0">
  <properties>
[...]
</properties>
  <testcase name="contextLoads" classname="com.concept.security.SpringBootCustomSecurityApplicationTests" time="0.462">
    <system-out><![CDATA[20:01:26.053 [main] INFO org.springframework.test.context.support.AnnotationConfigContextLoaderUtils -- Could not detect default configuration classes for test class [com.concept.security.SpringBootCustomSecurityApplicationTests]: SpringBootCustomSecurityApplicationTests does not declare any static, non-private, non-final, nested classes annotated with @Configuration.
20:01:26.151 [main] INFO org.springframework.boot.test.context.SpringBootTestContextBootstrapper -- Found @SpringBootConfiguration com.concept.security.SpringBootCustomSecurityApplication for test class com.concept.security.SpringBootCustomSecurityApplicationTests

  .   ____          _            __ _ _
 /\\ / ___'_ __ _ _(_)_ __  __ _ \ \ \ \
( ( )\___ | '_ | '_| | '_ \/ _` | \ \ \ \
 \\/  ___)| |_)| | | | | || (_| |  ) ) ) )
  '  |____| .__|_| |_|_| |_\__, | / / / /
 =========|_|==============|___/=/_/_/_/

 :: Spring Boot ::                (v3.4.0)

2024-11-30T20:01:26.579+05:30  INFO 9385 --- [SpringBootCustomSecurity] [           main] SpringBootCustomSecurityApplicationTests : Starting SpringBootCustomSecurityApplicationTests using Java 22.0.1 with PID 9385 (started by saravanan in /Users/saravanan/eclipse-Spring-boot/Akhila/SpringBootCustomSecurity)
2024-11-30T20:01:26.580+05:30  INFO 9385 --- [SpringBootCustomSecurity] [           main] SpringBootCustomSecurityApplicationTests : No active profile set, falling back to 1 default profile: "default"
2024-11-30T20:01:27.180+05:30  INFO 9385 --- [SpringBootCustomSecurity] [           main] .s.d.r.c.RepositoryConfigurationDelegate : Bootstrapping Spring Data JPA repositories in DEFAULT mode.
2024-11-30T20:01:27.230+05:30  INFO 9385 --- [SpringBootCustomSecurity] [           main] .s.d.r.c.RepositoryConfigurationDelegate : Finished Spring Data repository scanning in 40 ms. Found 1 JPA repository interface.
2024-11-30T20:01:27.661+05:30  INFO 9385 --- [SpringBootCustomSecurity] [           main] o.hibernate.jpa.internal.util.LogHelper  : HHH000204: Processing PersistenceUnitInfo [name: default]
2024-11-30T20:01:27.710+05:30  INFO 9385 --- [SpringBootCustomSecurity] [           main] org.hibernate.Version                    : HHH000412: Hibernate ORM core version 6.6.2.Final
2024-11-30T20:01:27.740+05:30  INFO 9385 --- [SpringBootCustomSecurity] [           main] o.h.c.internal.RegionFactoryInitiator    : HHH000026: Second-level cache disabled
2024-11-30T20:01:28.002+05:30  INFO 9385 --- [SpringBootCustomSecurity] [           main] o.s.o.j.p.SpringPersistenceUnitInfo      : No LoadTimeWeaver setup: ignoring JPA class transformer
2024-11-30T20:01:28.030+05:30  INFO 9385 --- [SpringBootCustomSecurity] [           main] com.zaxxer.hikari.HikariDataSource       : HikariPool-1 - Starting...
2024-11-30T20:01:28.189+05:30  INFO 9385 --- [SpringBootCustomSecurity] [           main] com.zaxxer.hikari.pool.HikariPool        : HikariPool-1 - Added connection com.mysql.cj.jdbc.ConnectionImpl@41582899
2024-11-30T20:01:28.190+05:30  INFO 9385 --- [SpringBootCustomSecurity] [           main] com.zaxxer.hikari.HikariDataSource       : HikariPool-1 - Start completed.
2024-11-30T20:01:28.259+05:30  INFO 9385 --- [SpringBootCustomSecurity] [           main] org.hibernate.orm.connections.pooling    : HHH10001005: Database info:
	Database JDBC URL [Connecting through datasource 'HikariDataSource (HikariPool-1)']
	Database driver: undefined/unknown
	Database version: 9.1
	Autocommit mode: undefined/unknown
	Isolation level: undefined/unknown
	Minimum pool size: undefined/unknown
	Maximum pool size: undefined/unknown
2024-11-30T20:01:28.939+05:30  INFO 9385 --- [SpringBootCustomSecurity] [           main] o.h.e.t.j.p.i.JtaPlatformInitiator       : HHH000489: No JTA platform available (set 'hibernate.transaction.jta.platform' to enable JTA platform integration)
2024-11-30T20:01:28.976+05:30  INFO 9385 --- [SpringBootCustomSecurity] [           main] j.LocalContainerEntityManagerFactoryBean : Initialized JPA EntityManagerFactory for persistence unit 'default'
2024-11-30T20:01:29.258+05:30  WARN 9385 --- [SpringBootCustomSecurity] [           main] JpaBaseConfiguration$JpaWebConfiguration : spring.jpa.open-in-view is enabled by default. Therefore, database queries may be performed during view rendering. Explicitly configure spring.jpa.open-in-view to disable this warning
2024-11-30T20:01:29.290+05:30  INFO 9385 --- [SpringBootCustomSecurity] [           main] r$InitializeUserDetailsManagerConfigurer : Global AuthenticationManager configured with UserDetailsService bean with name customUserDetailsService
2024-11-30T20:01:29.894+05:30  INFO 9385 --- [SpringBootCustomSecurity] [           main] SpringBootCustomSecurityApplicationTests : Started SpringBootCustomSecurityApplicationTests in 3.616 seconds (process running for 4.565)
]]></system-out>
    <system-err><![CDATA[Mockito is currently self-attaching to enable the inline-mock-maker. This will no longer work in future releases of the JDK. Please add Mockito as an agent to your build what is described in Mockito's documentation: https://javadoc.io/doc/org.mockito/mockito-core/latest/org/mockito/Mockito.html#0.3
WARNING: A Java agent has been loaded dynamically (/Users/saravanan/.m2/repository/net/bytebuddy/byte-buddy-agent/1.15.10/byte-buddy-agent-1.15.10.jar)
WARNING: If a serviceability tool is in use, please run with -XX:+EnableDynamicAgentLoading to hide this warning
WARNING: If a serviceability tool is not in use, please run with -Djdk.instrument.traceUsage for more information
WARNING: Dynamic loading of agents will be disallowed by default in a future release
]]></system-err>
  </testcase>
</testsuite>